<?xml version="1.0" encoding="UTF-8"?>
<testsuite xmlns:xsi="http://www.w3.org/2001/XMLSchema-instance" xsi:noNamespaceSchemaLocation="https://maven.apache.org/surefire/maven-surefire-plugin/xsd/surefire-test-report.xsd" version="3.0.2" name="TestSmoke2" time="3.027" tests="4" errors="0" skipped="0" failures="0">
  <properties>
[...]
</properties>
  <testcase name="testAaa" classname="TestSmoke2" time="1.012"/>
  <testcase name="testBbb" classname="TestSmoke2" time="0.001"/>
  <testcase name="testCcc" classname="TestSmoke2" time="2.001"/>
  <testcase name="testDdd" classname="TestSmoke2" time="0.001"/>
</testsuite>